<?xml version="1.0" encoding="UTF-8"?>
<!-- Generated by org.testng.reporters.JUnitReportReporter -->
<testsuite hostname="SriRamKumar" failures="0" tests="1" name="madhumitha.errortests.ErrorValidation" time="1.701" errors="0" timestamp="2024-09-25T18:12:06 IST" skipped="0">
  <testcase classname="madhumitha.errortests.ErrorValidation" name="submitOrder" time="1.701"/>
</testsuite> <!-- madhumitha.errortests.ErrorValidation -->
