<?xml version="1.0" encoding="UTF-8"?>
<!-- Generated by org.testng.reporters.JUnitReportReporter -->
<testsuite hostname="SriRamKumar" failures="0" tests="1" name="democode.example" time="5.791" errors="0" timestamp="2024-07-25T16:05:52 IST" skipped="0">
  <testcase classname="democode.example" name="login" time="5.791"/>
  <system-out/>
</testsuite> <!-- democode.example -->
