<?xml version="1.0" encoding="UTF-8"?>
<!-- Generated by org.testng.reporters.JUnitReportReporter -->
<testsuite hostname="SriRamKumar" failures="0" tests="1" name="democode.StreamConcept" time="0.015" errors="0" timestamp="2024-08-02T15:51:06 IST" skipped="0">
  <testcase classname="democode.StreamConcept" name="streamMap" time="0.015"/>
  <system-out/>
</testsuite> <!-- democode.StreamConcept -->
