<?xml version="1.0" encoding="UTF-8"?>
<!-- Generated by org.testng.reporters.JUnitReportReporter -->
<testsuite hostname="SriRamKumar" failures="0" tests="1" name="madhumitha.pageobjectmodel.StandAloneStreamPom" time="18.844" errors="0" timestamp="2024-09-17T17:06:27 IST" skipped="0">
  <testcase classname="madhumitha.pageobjectmodel.StandAloneStreamPom" name="submitOrderTest" time="18.844"/>
  <system-out/>
</testsuite> <!-- madhumitha.pageobjectmodel.StandAloneStreamPom -->
