<?xml version="1.0" encoding="UTF-8"?>
<!-- Generated by org.testng.reporters.JUnitReportReporter -->
<testsuite hostname="SriRamKumar" failures="0" tests="2" name="madhumitha.errortests.StandAloneStreamPom" time="27.376" errors="0" timestamp="2024-09-17T20:08:09 IST" skipped="0">
  <testcase classname="madhumitha.errortests.StandAloneStreamPom" name="submitOrderTest" time="19.833"/>
  <system-out/>
  <testcase classname="madhumitha.errortests.StandAloneStreamPom" name="orderTest" time="7.543"/>
  <system-out/>
</testsuite> <!-- madhumitha.errortests.StandAloneStreamPom -->
