<?xml version="1.0" encoding="UTF-8"?>
<!-- Generated by org.testng.reporters.JUnitReportReporter -->
<testsuite hostname="SriRamKumar" failures="0" tests="1" name="madhumitha.errortests.ErrorValidation" time="4.641" errors="0" timestamp="2024-09-17T20:08:09 IST" skipped="0">
  <testcase classname="madhumitha.errortests.ErrorValidation" name="submitOrder" time="4.641"/>
  <system-out/>
</testsuite> <!-- madhumitha.errortests.ErrorValidation -->
